Arguments: 
  D:\nodejs\node-v8.12.0-win-x64\node-v8.12.0-win-x64\node.exe D:\nodejs\node-v8.12.0-win-x64\node-v8.12.0-win-x64\node_modules\yarn\bin\yarn.js add antd babel-plugin-import

PATH: 
  D:\nodejs\node-v8.12.0-win-x64\node-v8.12.0-win-x64;C:\Program Files\Intel\IntelSGXPSW\bin\win32\Release\;D:\Git\cmd;D:\TortoiseSVN\bin;C:\Program Files (x86)\Common Files\Thunder Network\KanKan\Codecs;C:\Program Files\Microsoft\Web Platform Installer\;C:\Windows\System32\WindowsPowerShell\v1.0\;C:\Windows\System32\WindowsPowerShell\v1.0\;C:\Windows\system32;C:\Windows;C:\Windows\system32\wbem;D:\Android\sdk\tools;D:\Android\sdk\platform-tools;D:\Ruby23-x64\bin

Yarn version: 
  1.12.3

Node version: 
  8.12.0

Platform: 
  win32 x64

Trace: 
  Error: EEXIST: file already exists, mkdir 'D:\JetBrains\我的github\dva\node_modules\http-proxy-middleware\node_modules\expand-brackets\node_modules'

npm manifest: 
  {
    "private": true,
    "scripts": {
      "start": "roadhog server",
      "build": "roadhog build",
      "lint": "eslint --ext .js src test",
      "precommit": "npm run lint"
    },
    "dependencies": {
      "dva": "^2.4.1",
      "react": "^16.2.0",
      "react-dom": "^16.2.0"
    },
    "devDependencies": {
      "babel-plugin-dva-hmr": "^0.3.2",
      "eslint": "^4.14.0",
      "eslint-config-umi": "^0.1.1",
      "eslint-plugin-flowtype": "^2.34.1",
      "eslint-plugin-import": "^2.6.0",
      "eslint-plugin-jsx-a11y": "^5.1.1",
      "eslint-plugin-react": "^7.1.0",
      "husky": "^0.12.0",
      "redbox-react": "^1.4.3",
      "roadhog": "^2.5.0-beta.4"
    }
  }

yarn manifest: 
  No manifest

Lockfile: 
  No lockfile
